#-----------------------------------------------------------
# Vivado v2024.2 (64-bit)
# SW Build 5239630 on Fri Nov 08 22:35:27 MST 2024
# IP Build 5239520 on Sun Nov 10 16:12:51 MST 2024
# SharedData Build 5239561 on Fri Nov 08 14:39:27 MST 2024
# Start of session at: Thu Feb  6 19:30:14 2025
# Process ID         : 1356
# Current directory  : C:/Vivado/projects/AND
# Command line       : vivado.exe -gui_launcher_event rodinguilauncherevent11192 C:\Vivado\projects\AND\AND.xpr
# Log file           : C:/Vivado/projects/AND/vivado.log
# Journal file       : C:/Vivado/projects/AND\vivado.jou
# Running On         : DESKTOP-TNEFH78
# Platform           : Windows Server 2016 or Windows 10
# Operating System   : 19045
# Processor Detail   : Intel(R) Core(TM) i5-6200U CPU @ 2.30GHz
# CPU Frequency      : 2400 MHz
# CPU Physical cores : 2
# CPU Logical cores  : 4
# Host memory        : 8453 MB
# Swap memory        : 5426 MB
# Total Virtual      : 13879 MB
# Available Virtual  : 2891 MB
#-----------------------------------------------------------
start_gui
open_project C:/Vivado/projects/AND/AND.xpr
INFO: [filemgmt 56-3] Default IP Output Path : Could not find the directory 'C:/Vivado/projects/AND/AND.gen/sources_1'.
Scanning sources...
Finished scanning sources
INFO: [IP_Flow 19-234] Refreshing IP repositories
INFO: [IP_Flow 19-1704] No user IP repositories specified
INFO: [IP_Flow 19-2313] Loaded Vivado IP repository 'C:/Vivado/Vivado/2024.2/data/ip'.
open_project: Time (s): cpu = 00:00:23 ; elapsed = 00:00:12 . Memory (MB): peak = 1148.020 ; gain = 85.461
update_compile_order -fileset sources_1
exit
INFO: [Common 17-206] Exiting Vivado at Thu Feb  6 19:31:22 2025...
